2023-04-04T07:32:16.808+05:30  INFO 8804 --- [main] c.s.S.SpringBootLearningApplication      : Starting SpringBootLearningApplication using Java 17.0.5 with PID 8804 (C:\Users\sreek\Documents\Projects\BackEnd\Learning\Spring-boot-learning\target\classes started by sreek in C:\Users\sreek\Documents\Projects\BackEnd\Learning\Spring-boot-learning)
2023-04-04T07:32:16.809+05:30 DEBUG 8804 --- [main] c.s.S.SpringBootLearningApplication      : Running with Spring Boot v3.0.4, Spring v6.0.6
2023-04-04T07:32:16.810+05:30  INFO 8804 --- [main] c.s.S.SpringBootLearningApplication      : The following 1 profile is active: "p1"
2023-04-04T07:32:17.673+05:30  INFO 8804 --- [main] o.s.b.w.embedded.tomcat.TomcatWebServer  : Tomcat initialized with port(s): 8080 (http)
2023-04-04T07:32:17.683+05:30  INFO 8804 --- [main] o.apache.catalina.core.StandardService   : Starting service [Tomcat]
2023-04-04T07:32:17.683+05:30  INFO 8804 --- [main] o.apache.catalina.core.StandardEngine    : Starting Servlet engine: [Apache Tomcat/10.1.5]
2023-04-04T07:32:17.782+05:30  INFO 8804 --- [main] o.a.c.c.C.[Tomcat].[localhost].[/]       : Initializing Spring embedded WebApplicationContext
2023-04-04T07:32:17.782+05:30  INFO 8804 --- [main] w.s.c.ServletWebServerApplicationContext : Root WebApplicationContext: initialization completed in 933 ms
2023-04-04T07:32:17.823+05:30 DEBUG 8804 --- [main] c.s.S.filters.MDCFilter                  : Filter 'MDCFilter' configured for use
2023-04-04T07:32:18.161+05:30  INFO 8804 --- [main] o.s.b.w.embedded.tomcat.TomcatWebServer  : Tomcat started on port(s): 8080 (http) with context path ''
2023-04-04T07:32:18.171+05:30  INFO 8804 --- [main] c.s.S.SpringBootLearningApplication      : Started SpringBootLearningApplication in 1.859 seconds (process running for 2.187)
2023-04-04T07:42:29.531+05:30  INFO 19724 --- [main] c.s.S.SpringBootLearningApplication      : Starting SpringBootLearningApplication using Java 17.0.5 with PID 19724 (C:\Users\sreek\Documents\Projects\BackEnd\Learning\Spring-boot-learning\target\classes started by sreek in C:\Users\sreek\Documents\Projects\BackEnd\Learning\Spring-boot-learning)
2023-04-04T07:42:29.532+05:30 DEBUG 19724 --- [main] c.s.S.SpringBootLearningApplication      : Running with Spring Boot v3.0.4, Spring v6.0.6
2023-04-04T07:42:29.533+05:30  INFO 19724 --- [main] c.s.S.SpringBootLearningApplication      : The following 1 profile is active: "p1"
2023-04-04T07:42:30.397+05:30  INFO 19724 --- [main] o.s.b.w.embedded.tomcat.TomcatWebServer  : Tomcat initialized with port(s): 8080 (http)
2023-04-04T07:42:30.407+05:30  INFO 19724 --- [main] o.apache.catalina.core.StandardService   : Starting service [Tomcat]
2023-04-04T07:42:30.407+05:30  INFO 19724 --- [main] o.apache.catalina.core.StandardEngine    : Starting Servlet engine: [Apache Tomcat/10.1.5]
2023-04-04T07:42:30.485+05:30  INFO 19724 --- [main] o.a.c.c.C.[Tomcat].[localhost].[/]       : Initializing Spring embedded WebApplicationContext
2023-04-04T07:42:30.485+05:30  INFO 19724 --- [main] w.s.c.ServletWebServerApplicationContext : Root WebApplicationContext: initialization completed in 913 ms
2023-04-04T07:42:30.526+05:30 DEBUG 19724 --- [main] c.s.S.filters.MDCFilter                  : Filter 'MDCFilter' configured for use
2023-04-04T07:42:30.842+05:30  INFO 19724 --- [main] o.s.b.w.embedded.tomcat.TomcatWebServer  : Tomcat started on port(s): 8080 (http) with context path ''
2023-04-04T07:42:30.850+05:30  INFO 19724 --- [main] c.s.S.SpringBootLearningApplication      : Started SpringBootLearningApplication in 1.823 seconds (process running for 2.181)
2023-04-04T07:42:37.359+05:30  INFO 19724 --- [http-nio-8080-exec-2] o.a.c.c.C.[Tomcat].[localhost].[/]       : Initializing Spring DispatcherServlet 'dispatcherServlet'
2023-04-04T07:42:37.360+05:30  INFO 19724 --- [http-nio-8080-exec-2] o.s.web.servlet.DispatcherServlet        : Initializing Servlet 'dispatcherServlet'
2023-04-04T07:42:37.361+05:30  INFO 19724 --- [http-nio-8080-exec-2] o.s.web.servlet.DispatcherServlet        : Completed initialization in 1 ms
2023-04-04T07:42:37.389+05:30  INFO 19724 --- [http-nio-8080-exec-2] c.s.S.controller.DemoController          : Name: World
2023-04-04T07:42:37.390+05:30 TRACE 19724 --- [http-nio-8080-exec-2] c.s.S.controller.DemoController          : Name2: World
[2m2023-04-04T07:43:11.452+05:30[0;39m [32m INFO[0;39m [35m13132[0;39m  [35mUserId:Anonymous[0;39m [34mContext:[0;39m [2m---[0;39m [2m[           main][0;39m [36mc.s.S.SpringBootLearningApplication     [0;39m [2m:[0;39m Starting SpringBootLearningApplication using Java 17.0.5 with PID 13132 (C:\Users\sreek\Documents\Projects\BackEnd\Learning\Spring-boot-learning\target\classes started by sreek in C:\Users\sreek\Documents\Projects\BackEnd\Learning\Spring-boot-learning)
[2m2023-04-04T07:43:11.454+05:30[0;39m [32mDEBUG[0;39m [35m13132[0;39m  [35mUserId:Anonymous[0;39m [34mContext:[0;39m [2m---[0;39m [2m[           main][0;39m [36mc.s.S.SpringBootLearningApplication     [0;39m [2m:[0;39m Running with Spring Boot v3.0.4, Spring v6.0.6
[2m2023-04-04T07:43:11.454+05:30[0;39m [32m INFO[0;39m [35m13132[0;39m  [35mUserId:Anonymous[0;39m [34mContext:[0;39m [2m---[0;39m [2m[           main][0;39m [36mc.s.S.SpringBootLearningApplication     [0;39m [2m:[0;39m The following 1 profile is active: "p1"
[2m2023-04-04T07:43:12.289+05:30[0;39m [32m INFO[0;39m [35m13132[0;39m  [35mUserId:Anonymous[0;39m [34mContext:[0;39m [2m---[0;39m [2m[           main][0;39m [36mo.s.b.w.embedded.tomcat.TomcatWebServer [0;39m [2m:[0;39m Tomcat initialized with port(s): 8080 (http)
[2m2023-04-04T07:43:12.298+05:30[0;39m [32m INFO[0;39m [35m13132[0;39m  [35mUserId:Anonymous[0;39m [34mContext:[0;39m [2m---[0;39m [2m[           main][0;39m [36mo.apache.catalina.core.StandardService  [0;39m [2m:[0;39m Starting service [Tomcat]
[2m2023-04-04T07:43:12.298+05:30[0;39m [32m INFO[0;39m [35m13132[0;39m  [35mUserId:Anonymous[0;39m [34mContext:[0;39m [2m---[0;39m [2m[           main][0;39m [36mo.apache.catalina.core.StandardEngine   [0;39m [2m:[0;39m Starting Servlet engine: [Apache Tomcat/10.1.5]
[2m2023-04-04T07:43:12.385+05:30[0;39m [32m INFO[0;39m [35m13132[0;39m  [35mUserId:Anonymous[0;39m [34mContext:[0;39m [2m---[0;39m [2m[           main][0;39m [36mo.a.c.c.C.[Tomcat].[localhost].[/]      [0;39m [2m:[0;39m Initializing Spring embedded WebApplicationContext
[2m2023-04-04T07:43:12.385+05:30[0;39m [32m INFO[0;39m [35m13132[0;39m  [35mUserId:Anonymous[0;39m [34mContext:[0;39m [2m---[0;39m [2m[           main][0;39m [36mw.s.c.ServletWebServerApplicationContext[0;39m [2m:[0;39m Root WebApplicationContext: initialization completed in 894 ms
[2m2023-04-04T07:43:12.427+05:30[0;39m [32mDEBUG[0;39m [35m13132[0;39m  [35mUserId:Anonymous[0;39m [34mContext:[0;39m [2m---[0;39m [2m[           main][0;39m [36mc.s.S.filters.MDCFilter                 [0;39m [2m:[0;39m Filter 'MDCFilter' configured for use
[2m2023-04-04T07:43:12.730+05:30[0;39m [32m INFO[0;39m [35m13132[0;39m  [35mUserId:Anonymous[0;39m [34mContext:[0;39m [2m---[0;39m [2m[           main][0;39m [36mo.s.b.w.embedded.tomcat.TomcatWebServer [0;39m [2m:[0;39m Tomcat started on port(s): 8080 (http) with context path ''
[2m2023-04-04T07:43:12.740+05:30[0;39m [32m INFO[0;39m [35m13132[0;39m  [35mUserId:Anonymous[0;39m [34mContext:[0;39m [2m---[0;39m [2m[           main][0;39m [36mc.s.S.SpringBootLearningApplication     [0;39m [2m:[0;39m Started SpringBootLearningApplication in 1.788 seconds (process running for 2.107)
[2m2023-04-04T07:43:15.677+05:30[0;39m [32m INFO[0;39m [35m13132[0;39m  [35mUserId:Anonymous[0;39m [34mContext:[0;39m [2m---[0;39m [2m[nio-8080-exec-2][0;39m [36mo.a.c.c.C.[Tomcat].[localhost].[/]      [0;39m [2m:[0;39m Initializing Spring DispatcherServlet 'dispatcherServlet'
[2m2023-04-04T07:43:15.678+05:30[0;39m [32m INFO[0;39m [35m13132[0;39m  [35mUserId:Anonymous[0;39m [34mContext:[0;39m [2m---[0;39m [2m[nio-8080-exec-2][0;39m [36mo.s.web.servlet.DispatcherServlet       [0;39m [2m:[0;39m Initializing Servlet 'dispatcherServlet'
[2m2023-04-04T07:43:15.679+05:30[0;39m [32m INFO[0;39m [35m13132[0;39m  [35mUserId:Anonymous[0;39m [34mContext:[0;39m [2m---[0;39m [2m[nio-8080-exec-2][0;39m [36mo.s.web.servlet.DispatcherServlet       [0;39m [2m:[0;39m Completed initialization in 1 ms
[2m2023-04-04T07:43:15.708+05:30[0;39m [32m INFO[0;39m [35m13132[0;39m  [35mUserId:d13f8b12-80c0-4d87-8c61-76488fc6c1dd[0;39m [34mContext:UserId=d13f8b12-80c0-4d87-8c61-76488fc6c1dd, CorrelationID=b6f5b2b8-9292-4839-a326-e62f3c8c811e[0;39m [2m---[0;39m [2m[nio-8080-exec-2][0;39m [36mc.s.S.controller.DemoController         [0;39m [2m:[0;39m Name: World
[2m2023-04-04T07:43:15.709+05:30[0;39m [32mTRACE[0;39m [35m13132[0;39m  [35mUserId:d13f8b12-80c0-4d87-8c61-76488fc6c1dd[0;39m [34mContext:UserId=d13f8b12-80c0-4d87-8c61-76488fc6c1dd, CorrelationID=b6f5b2b8-9292-4839-a326-e62f3c8c811e[0;39m [2m---[0;39m [2m[nio-8080-exec-2][0;39m [36mc.s.S.controller.DemoController         [0;39m [2m:[0;39m Name2: World
2023-04-04T07:45:01.415+05:30  INFO 20072  UserId:Anonymous Context: --- [           main] c.s.S.SpringBootLearningApplication      : Starting SpringBootLearningApplication using Java 17.0.5 with PID 20072 (C:\Users\sreek\Documents\Projects\BackEnd\Learning\Spring-boot-learning\target\classes started by sreek in C:\Users\sreek\Documents\Projects\BackEnd\Learning\Spring-boot-learning)
2023-04-04T07:45:01.416+05:30 DEBUG 20072  UserId:Anonymous Context: --- [           main] c.s.S.SpringBootLearningApplication      : Running with Spring Boot v3.0.4, Spring v6.0.6
2023-04-04T07:45:01.417+05:30  INFO 20072  UserId:Anonymous Context: --- [           main] c.s.S.SpringBootLearningApplication      : The following 1 profile is active: "p1"
2023-04-04T07:45:02.243+05:30  INFO 20072  UserId:Anonymous Context: --- [           main] o.s.b.w.embedded.tomcat.TomcatWebServer  : Tomcat initialized with port(s): 8080 (http)
2023-04-04T07:45:02.252+05:30  INFO 20072  UserId:Anonymous Context: --- [           main] o.apache.catalina.core.StandardService   : Starting service [Tomcat]
2023-04-04T07:45:02.252+05:30  INFO 20072  UserId:Anonymous Context: --- [           main] o.apache.catalina.core.StandardEngine    : Starting Servlet engine: [Apache Tomcat/10.1.5]
2023-04-04T07:45:02.341+05:30  INFO 20072  UserId:Anonymous Context: --- [           main] o.a.c.c.C.[Tomcat].[localhost].[/]       : Initializing Spring embedded WebApplicationContext
2023-04-04T07:45:02.342+05:30  INFO 20072  UserId:Anonymous Context: --- [           main] w.s.c.ServletWebServerApplicationContext : Root WebApplicationContext: initialization completed in 884 ms
2023-04-04T07:45:02.382+05:30 DEBUG 20072  UserId:Anonymous Context: --- [           main] c.s.S.filters.MDCFilter                  : Filter 'MDCFilter' configured for use
2023-04-04T07:45:02.686+05:30  INFO 20072  UserId:Anonymous Context: --- [           main] o.s.b.w.embedded.tomcat.TomcatWebServer  : Tomcat started on port(s): 8080 (http) with context path ''
2023-04-04T07:45:02.695+05:30  INFO 20072  UserId:Anonymous Context: --- [           main] c.s.S.SpringBootLearningApplication      : Started SpringBootLearningApplication in 1.79 seconds (process running for 2.112)
